[2025-02-05 10:34:36,566] 160 numexpr.utils - INFO-NumExpr defaulting to 8 threads.
[2025-02-05 10:34:40,127] 97 werkzeug - INFO-[31m[1mWARNING: This is a development server. Do not use it in a production deployment. Use a production WSGI server instead.[0m
 * Running on all addresses (0.0.0.0)
 * Running on http://127.0.0.1:5000
 * Running on http://192.168.131.2:5000
[2025-02-05 10:34:40,127] 97 werkzeug - INFO-[33mPress CTRL+C to quit[0m
[2025-02-05 10:34:40,142] 97 werkzeug - INFO- * Restarting with watchdog (windowsapi)
[2025-02-05 10:37:19,721] 97 werkzeug - INFO- * Restarting with watchdog (windowsapi)
[2025-02-05 10:40:32,880] 97 werkzeug - INFO- * Restarting with watchdog (windowsapi)
[2025-02-05 10:43:16,482] 97 werkzeug - INFO- * Restarting with watchdog (windowsapi)
[2025-02-05 10:44:05,779] 97 werkzeug - INFO- * Restarting with watchdog (windowsapi)
[2025-02-05 10:45:58,012] 97 werkzeug - INFO- * Restarting with watchdog (windowsapi)
[2025-02-05 10:56:07,806] 97 werkzeug - INFO- * Restarting with watchdog (windowsapi)
[2025-02-05 10:56:16,063] 97 werkzeug - INFO- * Restarting with watchdog (windowsapi)
[2025-02-05 10:56:28,920] 97 werkzeug - INFO- * Restarting with watchdog (windowsapi)
[2025-02-05 10:57:45,482] 97 werkzeug - INFO- * Restarting with watchdog (windowsapi)
[2025-02-05 11:01:13,533] 97 werkzeug - INFO- * Restarting with watchdog (windowsapi)
[2025-02-05 11:01:24,036] 97 werkzeug - INFO- * Restarting with watchdog (windowsapi)
[2025-02-05 14:00:08,517] 97 werkzeug - INFO- * Restarting with watchdog (windowsapi)
[2025-02-05 14:00:30,129] 97 werkzeug - INFO- * Restarting with watchdog (windowsapi)
[2025-02-05 14:01:00,709] 97 werkzeug - INFO- * Restarting with watchdog (windowsapi)
[2025-02-05 14:01:05,359] 97 werkzeug - INFO- * Restarting with watchdog (windowsapi)
[2025-02-05 14:01:22,413] 97 werkzeug - INFO- * Restarting with watchdog (windowsapi)
[2025-02-05 14:01:34,777] 97 werkzeug - INFO- * Restarting with watchdog (windowsapi)
[2025-02-05 14:01:53,322] 97 werkzeug - INFO- * Restarting with watchdog (windowsapi)
[2025-02-05 14:02:06,914] 97 werkzeug - INFO- * Restarting with watchdog (windowsapi)
[2025-02-05 14:02:14,018] 97 werkzeug - INFO- * Restarting with watchdog (windowsapi)
[2025-02-05 14:02:28,715] 97 werkzeug - INFO- * Restarting with watchdog (windowsapi)
[2025-02-05 14:03:09,000] 97 werkzeug - INFO- * Restarting with watchdog (windowsapi)
[2025-02-05 14:04:34,913] 97 werkzeug - INFO- * Restarting with watchdog (windowsapi)
